18:10:59: Creating resource group General
18:10:59: Creating resource group Internal
18:10:59: Creating resource group Autodetect
18:10:59: SceneManagerFactory for type 'DefaultSceneManager' registered.
18:10:59: Registering ResourceManager for type Material
18:10:59: Registering ResourceManager for type Mesh
18:10:59: Registering ResourceManager for type Skeleton
18:10:59: MovableObjectFactory for type 'ParticleSystem' registered.
18:10:59: OverlayElementFactory for type Panel registered.
18:10:59: OverlayElementFactory for type BorderPanel registered.
18:10:59: OverlayElementFactory for type TextArea registered.
18:10:59: Registering ResourceManager for type Font
18:10:59: ArchiveFactory for archive type FileSystem registered.
18:10:59: ArchiveFactory for archive type Zip registered.
18:10:59: DDS codec registering
18:10:59: FreeImage version: 3.13.1
18:10:59: This program uses FreeImage, a free, open source image library supporting all common bitmap formats. See http://freeimage.sourceforge.net for details
18:10:59: Supported formats: bmp,ico,jpg,jif,jpeg,jpe,jng,koa,iff,lbm,mng,pbm,pbm,pcd,pcx,pgm,pgm,png,ppm,ppm,ras,tga,targa,tif,tiff,wap,wbmp,wbm,psd,cut,xbm,xpm,gif,hdr,g3,sgi,exr,j2k,j2c,jp2,pfm,pct,pict,pic,bay,bmq,cr2,crw,cs1,dc2,dcr,dng,erf,fff,hdr,k25,kdc,mdc,mos,mrw,nef,orf,pef,pxn,raf,raw,rdc,sr2,srf,arw,3fr,cine,ia,kc2,mef,nrw,qtk,rw2,sti,drf,dsc,ptx,cap,iiq,rwz
18:10:59: Registering ResourceManager for type HighLevelGpuProgram
18:10:59: Registering ResourceManager for type Compositor
18:10:59: MovableObjectFactory for type 'Entity' registered.
18:10:59: MovableObjectFactory for type 'Light' registered.
18:10:59: MovableObjectFactory for type 'BillboardSet' registered.
18:10:59: MovableObjectFactory for type 'ManualObject' registered.
18:10:59: MovableObjectFactory for type 'BillboardChain' registered.
18:10:59: MovableObjectFactory for type 'RibbonTrail' registered.
18:10:59: Loading library .\RenderSystem_Direct3D9
18:10:59: Installing plugin: D3D9 RenderSystem
18:10:59: D3D9 : Direct3D9 Rendering Subsystem created.
18:10:59: D3D9: Driver Detection Starts
18:10:59: D3D9: Driver Detection Ends
18:10:59: Plugin successfully installed
18:10:59: Loading library .\RenderSystem_GL
18:10:59: Installing plugin: GL RenderSystem
18:10:59: OpenGL Rendering Subsystem created.
18:10:59: Plugin successfully installed
18:10:59: Loading library .\Plugin_ParticleFX
18:10:59: Installing plugin: ParticleFX
18:10:59: Particle Emitter Type 'Point' registered
18:10:59: Particle Emitter Type 'Box' registered
18:10:59: Particle Emitter Type 'Ellipsoid' registered
18:10:59: Particle Emitter Type 'Cylinder' registered
18:10:59: Particle Emitter Type 'Ring' registered
18:10:59: Particle Emitter Type 'HollowEllipsoid' registered
18:10:59: Particle Affector Type 'LinearForce' registered
18:10:59: Particle Affector Type 'ColourFader' registered
18:10:59: Particle Affector Type 'ColourFader2' registered
18:10:59: Particle Affector Type 'ColourImage' registered
18:10:59: Particle Affector Type 'ColourInterpolator' registered
18:10:59: Particle Affector Type 'Scaler' registered
18:10:59: Particle Affector Type 'Rotator' registered
18:10:59: Particle Affector Type 'DirectionRandomiser' registered
18:10:59: Particle Affector Type 'DeflectorPlane' registered
18:10:59: Plugin successfully installed
18:10:59: Loading library .\Plugin_BSPSceneManager
18:10:59: Installing plugin: BSP Scene Manager
18:10:59: Plugin successfully installed
18:10:59: Loading library .\Plugin_OctreeSceneManager
18:10:59: Installing plugin: Octree & Terrain Scene Manager
18:10:59: Plugin successfully installed
18:10:59: Loading library .\Plugin_CgProgramManager
18:10:59: Installing plugin: Cg Program Manager
18:10:59: Plugin successfully installed
18:10:59: *-*-* OGRE Initialising
18:10:59: *-*-* Version 1.7.1 (Cthugha)
18:10:59: D3D9 : RenderSystem Option: Allow NVPerfHUD = No
18:10:59: D3D9 : RenderSystem Option: FSAA = 0
18:10:59: D3D9 : RenderSystem Option: Floating-point mode = Fastest
18:10:59: D3D9 : RenderSystem Option: Full Screen = No
18:10:59: D3D9 : RenderSystem Option: Rendering Device = Monitor-1-Intel(R) HD Graphics 4000
18:10:59: D3D9 : RenderSystem Option: Resource Creation Policy = Create on all devices
18:10:59: D3D9 : RenderSystem Option: VSync = No
18:10:59: D3D9 : RenderSystem Option: VSync Interval = 1
18:10:59: D3D9 : RenderSystem Option: Video Mode = 800 x 600 @ 32-bit colour
18:10:59: D3D9 : RenderSystem Option: sRGB Gamma Conversion = No
18:11:00: *-*-* OGRE Shutdown
18:11:00: Unregistering ResourceManager for type Compositor
18:11:00: Unregistering ResourceManager for type Font
18:11:00: Unregistering ResourceManager for type Skeleton
18:11:00: Unregistering ResourceManager for type Mesh
18:11:00: Unregistering ResourceManager for type HighLevelGpuProgram
18:11:00: Uninstalling plugin: Cg Program Manager
18:11:00: Plugin successfully uninstalled
18:11:00: Unloading library .\Plugin_CgProgramManager
18:11:00: Uninstalling plugin: Octree & Terrain Scene Manager
18:11:00: Plugin successfully uninstalled
18:11:00: Unloading library .\Plugin_OctreeSceneManager
18:11:00: Uninstalling plugin: BSP Scene Manager
18:11:00: Plugin successfully uninstalled
18:11:00: Unloading library .\Plugin_BSPSceneManager
18:11:00: Uninstalling plugin: ParticleFX
18:11:00: Plugin successfully uninstalled
18:11:00: Unloading library .\Plugin_ParticleFX
18:11:00: Uninstalling plugin: GL RenderSystem
18:11:00: *** Stopping Win32GL Subsystem ***
18:11:00: Plugin successfully uninstalled
18:11:00: Unloading library .\RenderSystem_GL
18:11:00: Uninstalling plugin: D3D9 RenderSystem
18:11:00: D3D9 : Shutting down cleanly.
18:11:00: D3D9 : Direct3D9 Rendering Subsystem destroyed.
18:11:00: Plugin successfully uninstalled
18:11:00: Unloading library .\RenderSystem_Direct3D9
18:11:00: Unregistering ResourceManager for type Material
